Error processing document: NetBackup™ for DB2 Administrator's Guide, Features of NetBackup for DB2 - 'xrefs'
Error processing document: NetBackup™ for DB2 Administrator's Guide, Features of NetBackup for DB2 - 'xrefs'
Error processing document: NetBackup™ for DB2 Administrator's Guide, NetBackup for DB2 overview - 'xrefs'
Error processing document: NetBackup™ for DB2 Administrator's Guide, About the NetBackup for DB2 components - 'xrefs'
Error processing document: NetBackup™ for DB2 Administrator's Guide, About the NetBackup for DB2 components - 'xrefs'
Error processing document: NetBackup™ for DB2 Administrator's Guide, About NetBackup for DB2 terminology - 'xrefs'
Error processing document: NetBackup™ for DB2 Administrator's Guide, NetBackup for DB2 overview - 'xrefs'
Error processing document: NetBackup™ for DB2 Administrator's Guide, NetBackup server and client requirements - 'xrefs'
Error processing document: NetBackup™ for DB2 Administrator's Guide, Verifying the operating system and platform compatibility - 'xrefs'
Error processing document: NetBackup™ for DB2 Administrator's Guide, NetBackup server and client requirements - 'xrefs'
Error processing document: NetBackup™ for DB2 Administrator's Guide, Verifying the operating system and platform compatibility - 'xrefs'
Error processing document: NetBackup™ for DB2 Administrator's Guide, 
					 - 'xrefs'
Error processing document: NetBackup™ for DB2 Administrator's Guide, 
					 - 'xrefs'
Error processing document: NetBackup™ for DB2 Administrator's Guide, License for NetBackup for DB2 - 'xrefs'
Error processing document: NetBackup™ for DB2 Administrator's Guide, About log archiving - 'xrefs'
Error processing document: NetBackup™ for DB2 Administrator's Guide, 
				 - 'xrefs'
Error processing document: NetBackup™ for DB2 Administrator's Guide, About configuring a backup policy for DB2  - 'xrefs'
Error processing document: NetBackup™ for DB2 Administrator's Guide, 
				 - 'xrefs'
Error processing document: NetBackup™ for DB2 Administrator's Guide, About adding new DB2 instances - 'xrefs'
Error processing document: NetBackup™ for DB2 Administrator's Guide, Adding a NetBackup for DB2 policy - 'xrefs'
Error processing document: NetBackup™ for DB2 Administrator's Guide, Overview of NetBackup for DB2 configuration - 'xrefs'
Error processing document: NetBackup™ for DB2 Administrator's Guide, About policy attributes - 'xrefs'
Error processing document: NetBackup™ for DB2 Administrator's Guide, About configuring a backup policy for DB2  - 'xrefs'
Error processing document: NetBackup™ for DB2 Administrator's Guide, Using the user exit archive method - 'xrefs'
Error processing document: NetBackup™ for DB2 Administrator's Guide, Using the VENDOR archive method - 'xrefs'
Error processing document: NetBackup™ for DB2 Administrator's Guide, Add clients to a policy - 'xrefs'
Error processing document: NetBackup™ for DB2 Administrator's Guide, Specifying the primary server for a NetBackup for DB2 client - 'xrefs'
Error processing document: NetBackup™ for DB2 Administrator's Guide, Adding a script to the backup selections list - 'xrefs'
Error processing document: NetBackup™ for DB2 Administrator's Guide, Configuring a policy to back up the configuration files - 'xrefs'
Error processing document: NetBackup™ for DB2 Administrator's Guide, About backup schedules and scripts - 'xrefs'
Error processing document: NetBackup™ for DB2 Administrator's Guide, Configure automatic backup schedules - 'xrefs'
Error processing document: NetBackup™ for DB2 Administrator's Guide, Configure an application backup schedule - 'xrefs'
Error processing document: NetBackup™ for DB2 Administrator's Guide, 
				 - 'xrefs'
Error processing document: NetBackup™ for DB2 Administrator's Guide, Example application backup schedule - 'xrefs'
Error processing document: NetBackup™ for DB2 Administrator's Guide, Planning the installation of NetBackup for DB2  - 'xrefs'
Error processing document: NetBackup™ for DB2 Administrator's Guide, About log archiving - 'xrefs'
Error processing document: NetBackup™ for DB2 Administrator's Guide, About configuring a backup policy for DB2  - 'xrefs'
Error processing document: NetBackup™ for DB2 Administrator's Guide, NetBackup for DB2 overview - 'xrefs'
Error processing document: NetBackup™ for DB2 Administrator's Guide, Example automatic backup schedule - 'xrefs'
Error processing document: NetBackup™ for DB2 Administrator's Guide, 
				 - 'xrefs'
Error processing document: NetBackup™ for DB2 Administrator's Guide, Configuring the Maximum jobs per client - 'xrefs'
Error processing document: NetBackup™ for DB2 Administrator's Guide, 
				 - 'xrefs'
Error processing document: NetBackup™ for DB2 Administrator's Guide, About backing up archive log files with the user exit program - 'xrefs'
Error processing document: NetBackup™ for DB2 Administrator's Guide, Configuring the run-time environment - 'xrefs'
Error processing document: NetBackup™ for DB2 Administrator's Guide, Configuring a policy to archive the archive logs - 'xrefs'
Error processing document: NetBackup™ for DB2 Administrator's Guide, Configuring the run-time environment - 'xrefs'
Error processing document: NetBackup™ for DB2 Administrator's Guide, About backing up archive log files with the user exit program - 'xrefs'
Error processing document: NetBackup™ for DB2 Administrator's Guide, Reviewing the auto-discovered mappings - 'xrefs'
Error processing document: NetBackup™ for DB2 Administrator's Guide, Configuring a policy to back up the archive logs - 'xrefs'
Error processing document: NetBackup™ for DB2 Administrator's Guide, Perform a manual backup - 'xrefs'
Error processing document: NetBackup™ for DB2 Administrator's Guide, Reviewing the auto-discovered mappings - 'xrefs'
Error processing document: NetBackup™ for DB2 Administrator's Guide, Configuring the run-time environment - 'xrefs'
Error processing document: NetBackup™ for DB2 Administrator's Guide, Configuring the run-time environment - 'xrefs'
Error processing document: NetBackup™ for DB2 Administrator's Guide, Configuring the run-time environment - 'xrefs'
Error processing document: NetBackup™ for DB2 Administrator's Guide, Example db2.conf file using ARCFUNC SAVE - 'xrefs'
Error processing document: NetBackup™ for DB2 Administrator's Guide, Creating a db2.conf file for use with the user exit program - 'xrefs'
Error processing document: NetBackup™ for DB2 Administrator's Guide, Configuring the run-time environment - 'xrefs'
Error processing document: NetBackup™ for DB2 Administrator's Guide, Configuring the run-time environment - 'xrefs'
Error processing document: NetBackup™ for DB2 Administrator's Guide, About backing up archive log files with the user exit program - 'xrefs'
Error processing document: NetBackup™ for DB2 Administrator's Guide, Creating a db2.conf file for use with the user exit program - 'xrefs'
Error processing document: NetBackup™ for DB2 Administrator's Guide, DB2 objects in the backup window - 'xrefs'
Error processing document: NetBackup™ for DB2 Administrator's Guide, Creating a db2.conf file for use with the user exit program - 'xrefs'
Error processing document: NetBackup™ for DB2 Administrator's Guide, Configuring the run-time environment - 'xrefs'
Error processing document: NetBackup™ for DB2 Administrator's Guide, NetBackup for DB2 backup types - 'xrefs'
Error processing document: NetBackup™ for DB2 Administrator's Guide, Example db2.conf file using ARCFUNC COPY - 'xrefs'
Error processing document: NetBackup™ for DB2 Administrator's Guide, Example db2.conf file (vendor method) - 'xrefs'
Error processing document: NetBackup™ for DB2 Administrator's Guide, About backing up archive log files with the user exit program - 'xrefs'
Error processing document: NetBackup™ for DB2 Administrator's Guide, Creating a db2.conf file (vendor method) - 'xrefs'
Error processing document: NetBackup™ for DB2 Administrator's Guide, Configuring a user bp.conf file - 'xrefs'
Error processing document: NetBackup™ for DB2 Administrator's Guide, Configuring the run-time environment - 'xrefs'
Error processing document: NetBackup™ for DB2 Administrator's Guide, Keywords for the db2.conf file - 'xrefs'
Error processing document: NetBackup™ for DB2 Administrator's Guide, Configuring bp.conf files in a cluster environment - 'xrefs'
Error processing document: NetBackup™ for DB2 Administrator's Guide, NetBackup for DB2 environment variables - 'xrefs'
Error processing document: NetBackup™ for DB2 Administrator's Guide, Configuring a primary bp.conf file - 'xrefs'
Error processing document: NetBackup™ for DB2 Administrator's Guide, Keywords for the db2.conf file - 'xrefs'
Error processing document: NetBackup™ for DB2 Administrator's Guide, Keywords for the db2.conf file - 'xrefs'
Error processing document: NetBackup™ for DB2 Administrator's Guide, Keywords for the db2.conf file - 'xrefs'
Error processing document: NetBackup™ for DB2 Administrator's Guide, NetBackup for DB2 environment variables - 'xrefs'
Error processing document: NetBackup™ for DB2 Administrator's Guide, Creating DB2 scripts manually - 'xrefs'
Error processing document: NetBackup™ for DB2 Administrator's Guide, Modifying DB2 backup and install scripts - 'xrefs'
Error processing document: NetBackup™ for DB2 Administrator's Guide, About NetBackup shell script storage - 'xrefs'
Error processing document: NetBackup™ for DB2 Administrator's Guide, NetBackup for DB2 backup overview - 'xrefs'
Error processing document: NetBackup™ for DB2 Administrator's Guide, About backups from the NetBackup primary server - 'xrefs'
Error processing document: NetBackup™ for DB2 Administrator's Guide, NetBackup for DB2 backup overview - 'xrefs'
Error processing document: NetBackup™ for DB2 Administrator's Guide, Using DB2 to run a user-directed backup - 'xrefs'
Error processing document: NetBackup™ for DB2 Administrator's Guide, About NetBackup for DB2 shell scripts - 'xrefs'
Error processing document: NetBackup™ for DB2 Administrator's Guide, About NetBackup for DB2 shell scripts - 'xrefs'
Error processing document: NetBackup™ for DB2 Administrator's Guide, About user-directed backups - 'xrefs'
Error processing document: NetBackup™ for DB2 Administrator's Guide, Configuring the logon account for the NetBackup Client Service for NetBackup for DB2  - 'xrefs'
Error processing document: NetBackup™ for DB2 Administrator's Guide, RBAC role for the DB2 administrator - 'xrefs'
Error processing document: NetBackup™ for DB2 Administrator's Guide, BACKUP DATABASE command options - 'xrefs'
Error processing document: NetBackup™ for DB2 Administrator's Guide, Creating DB2 scripts manually - 'xrefs'
Error processing document: NetBackup™ for DB2 Administrator's Guide, BACKUP DATABASE command options - 'xrefs'
Error processing document: NetBackup™ for DB2 Administrator's Guide, Script parameters - 'xrefs'
Error processing document: NetBackup™ for DB2 Administrator's Guide, Configuring the run-time environment - 'xrefs'
Error processing document: NetBackup™ for DB2 Administrator's Guide, About browsing DB2 backup images with bplist - 'xrefs'
Error processing document: NetBackup™ for DB2 Administrator's Guide, About browsing DB2 backup images with bplist - 'xrefs'
Error processing document: NetBackup™ for DB2 Administrator's Guide, About user-directed backups - 'xrefs'
Error processing document: NetBackup™ for DB2 Administrator's Guide, Performing a database restore - 'xrefs'
Error processing document: NetBackup™ for DB2 Administrator's Guide, Using DB2 to perform a restore - 'xrefs'
Error processing document: NetBackup™ for DB2 Administrator's Guide, Performing a database restore - 'xrefs'
Error processing document: NetBackup™ for DB2 Administrator's Guide, Performing a database restore - 'xrefs'
Error processing document: NetBackup™ for DB2 Administrator's Guide, Performing a database restore - 'xrefs'
Error processing document: NetBackup™ for DB2 Administrator's Guide, Performing a database restore - 'xrefs'
Error processing document: NetBackup™ for DB2 Administrator's Guide, Using DB2 to perform a restore - 'xrefs'
Error processing document: NetBackup™ for DB2 Administrator's Guide, Performing a database restore - 'xrefs'
Error processing document: NetBackup™ for DB2 Administrator's Guide, Performing a database restore - 'xrefs'
Error processing document: NetBackup™ for DB2 Administrator's Guide, Using DB2 to perform a restore - 'xrefs'
Error processing document: NetBackup™ for DB2 Administrator's Guide, Using DB2 to perform a restore - 'xrefs'
Error processing document: NetBackup™ for DB2 Administrator's Guide, Using DB2 to perform a restore - 'xrefs'
Error processing document: NetBackup™ for DB2 Administrator's Guide, Restoring and recovering a DB2 database - with a catalog name that has been specified - 'xrefs'
Error processing document: NetBackup™ for DB2 Administrator's Guide, Using DB2 to perform a restore - 'xrefs'
Error processing document: NetBackup™ for DB2 Administrator's Guide, Restoring and recovering a DB2 database - with a catalog name that has been specified - 'xrefs'
Error processing document: NetBackup™ for DB2 Administrator's Guide, Recovering a DB2 database - Restoring archive logs - 'xrefs'
Error processing document: NetBackup™ for DB2 Administrator's Guide, Using DB2 to perform a restore - 'xrefs'
Error processing document: NetBackup™ for DB2 Administrator's Guide, Recovering a DB2 database - Simplest case - 'xrefs'
Error processing document: NetBackup™ for DB2 Administrator's Guide, About an alternate restore - 'xrefs'
Error processing document: NetBackup™ for DB2 Administrator's Guide, RESTORE DATABASE command options - 'xrefs'
Error processing document: NetBackup™ for DB2 Administrator's Guide, Restoring the transaction logs - 'xrefs'
Error processing document: NetBackup™ for DB2 Administrator's Guide, Recovering a DB2 database - Restoring archive logs - 'xrefs'
Error processing document: NetBackup™ for DB2 Administrator's Guide, Performing the alternate restore on the clients - 'xrefs'
Error processing document: NetBackup™ for DB2 Administrator's Guide, About preventing the direct expiration of backup images - 'xrefs'
Error processing document: NetBackup™ for DB2 Administrator's Guide, Restoring and recovering a DB2 database - with a catalog name that has been specified - 'xrefs'
Error processing document: NetBackup™ for DB2 Administrator's Guide, Preparing the primary server for an alternate restore - 'xrefs'
Error processing document: NetBackup™ for DB2 Administrator's Guide, About an alternate restore - 'xrefs'
Error processing document: NetBackup™ for DB2 Administrator's Guide, NetBackup for DB2 with Snapshot Client features - 'xrefs'
Error processing document: NetBackup™ for DB2 Administrator's Guide, About an alternate restore - 'xrefs'
Error processing document: NetBackup™ for DB2 Administrator's Guide, About an alternate restore - 'xrefs'
Error processing document: NetBackup™ for DB2 Administrator's Guide, About NetBackup for DB2 with Snapshot Client operations - 'xrefs'
Error processing document: NetBackup™ for DB2 Administrator's Guide, About NetBackup for DB2 with Snapshot Client operations - 'xrefs'
Error processing document: NetBackup™ for DB2 Administrator's Guide, Using DB2 to perform a restore - 'xrefs'
Error processing document: NetBackup™ for DB2 Administrator's Guide, About the sequence of a NetBackup for DB2 backup operation with Snapshot Client methods  - 'xrefs'
Error processing document: NetBackup™ for DB2 Administrator's Guide, About multistreaming and DB2 snapshot backups - 'xrefs'
Error processing document: NetBackup™ for DB2 Administrator's Guide, About NetBackup for DB2 with Snapshot Client operations - 'xrefs'
Error processing document: NetBackup™ for DB2 Administrator's Guide, NetBackup for DB2 stream-based operations - 'xrefs'
Error processing document: NetBackup™ for DB2 Administrator's Guide, NetBackup for DB2 file-based operations - 'xrefs'
Error processing document: NetBackup™ for DB2 Administrator's Guide, NetBackup for DB2 with Snapshot Client features - 'xrefs'
Error processing document: NetBackup™ for DB2 Administrator's Guide, RESTORE DATABASE command options - 'xrefs'
Error processing document: NetBackup™ for DB2 Administrator's Guide, About database objects supported by advanced backup methods - 'xrefs'
Error processing document: NetBackup™ for DB2 Administrator's Guide, Configuring a snapshot policy for NetBackup for DB2 - 'xrefs'
Error processing document: NetBackup™ for DB2 Administrator's Guide, About symbolic links and DB2 backups and restores (UNIX) - 'xrefs'
Error processing document: NetBackup™ for DB2 Administrator's Guide, Example: multiple sessions for a DB2 snapshot backup - 'xrefs'
Error processing document: NetBackup™ for DB2 Administrator's Guide, Configuration requirements for snapshot backups with NetBackup for DB2 - 'xrefs'
Error processing document: NetBackup™ for DB2 Administrator's Guide, About configuring Snapshot Client with NetBackup for DB2 - 'xrefs'
Error processing document: NetBackup™ for DB2 Administrator's Guide, Configuring a snapshot policy for NetBackup for DB2 - 'xrefs'
Error processing document: NetBackup™ for DB2 Administrator's Guide, Restoring NetBackup for DB2 from a snapshot backup - 'xrefs'
Error processing document: NetBackup™ for DB2 Administrator's Guide, Restoring NetBackup for DB2 from a snapshot backup - 'xrefs'
Error processing document: NetBackup™ for DB2 Administrator's Guide, Restoring NetBackup for DB2 from a snapshot backup - 'xrefs'
Error processing document: NetBackup™ for DB2 Administrator's Guide, About restoring individual files from a NetBackup for DB2 snapshot backup - 'xrefs'
Error processing document: NetBackup™ for DB2 Administrator's Guide, Performing a NetBackup for DB2 point-in-time rollback restore from a SnapVault backup (UNIX) - 'xrefs'
Error processing document: NetBackup™ for DB2 Administrator's Guide, About NetBackup for DB2 restores of volumes and file systems using snapshot rollback - 'xrefs'
Error processing document: NetBackup™ for DB2 Administrator's Guide, Troubleshooting NetBackup for DB2 rollback restores - 'xrefs'
Error processing document: NetBackup™ for DB2 Administrator's Guide, Performing a snapshot rollback restore from the command line - 'xrefs'
Error processing document: NetBackup™ for DB2 Administrator's Guide, Performing a database restore - 'xrefs'
Error processing document: NetBackup™ for DB2 Administrator's Guide, About configuring NetBackup for DB2 block-level incremental backups on UNIX - 'xrefs'
Error processing document: NetBackup™ for DB2 Administrator's Guide, About configuring NetBackup for DB2 block-level incremental backups on UNIX - 'xrefs'
Error processing document: NetBackup™ for DB2 Administrator's Guide, About configuring NetBackup for DB2 block-level incremental backups on UNIX - 'xrefs'
Error processing document: NetBackup™ for DB2 Administrator's Guide, About configuring NetBackup for DB2 block-level incremental backups on UNIX - 'xrefs'
Error processing document: NetBackup™ for DB2 Administrator's Guide, About configuring NetBackup for DB2 block-level incremental backups on UNIX - 'xrefs'
Error processing document: NetBackup™ for DB2 Administrator's Guide, How BLI works with NetBackup for DB2 (UNIX) - 'xrefs'
Error processing document: NetBackup™ for DB2 Administrator's Guide, Configuration requirements for BLI backups with NetBackup for DB2 - 'xrefs'
Error processing document: NetBackup™ for DB2 Administrator's Guide,  BLI incremental backup options using NetBackup for DB2 - 'xrefs'
Error processing document: NetBackup™ for DB2 Administrator's Guide, About the sequence of a NetBackup for DB2 restore operation with Snapshot Client methods - 'xrefs'
Error processing document: NetBackup™ for DB2 Administrator's Guide, Configuring policies for BLI backups with NetBackup for DB2 - 'xrefs'
Error processing document: NetBackup™ for DB2 Administrator's Guide, About configuring the db2.conf for a snapshot policy - 'xrefs'
Error processing document: NetBackup™ for DB2 Administrator's Guide, Configuring policies for BLI backups with NetBackup for DB2 - 'xrefs'
Error processing document: NetBackup™ for DB2 Administrator's Guide, How Snapshot Client software affects backup types - 'xrefs'
Error processing document: NetBackup™ for DB2 Administrator's Guide, About configuring NetBackup for DB2 block-level incremental backups on UNIX - 'xrefs'
Error processing document: NetBackup™ for DB2 Administrator's Guide, Restoring and recovering a DB2 database - with a catalog name that has been specified - 'xrefs'
Error processing document: NetBackup™ for DB2 Administrator's Guide, About Snapshot Client effects - 'xrefs'
Error processing document: NetBackup™ for DB2 Administrator's Guide, How Snapshot Client software affects scripts - 'xrefs'
Error processing document: NetBackup™ for DB2 Administrator's Guide, Storage Checkpoint configuration on the NetBackup for DB2 client - 'xrefs'
Error processing document: NetBackup™ for DB2 Administrator's Guide,  BLI incremental backup options using NetBackup for DB2 - 'xrefs'
Error processing document: NetBackup™ for DB2 Administrator's Guide, About the types of NetBackup for DB2 BLI backups - 'xrefs'
Error processing document: NetBackup™ for DB2 Administrator's Guide, How Snapshot Client software affects schedule properties - 'xrefs'
Error processing document: NetBackup™ for DB2 Administrator's Guide, 
				 - 'xrefs'
Error processing document: NetBackup™ for DB2 Administrator's Guide, NetBackup debug logs and reports - 'xrefs'
Error processing document: NetBackup™ for DB2 Administrator's Guide, Performing NetBackup for DB2 backups with Snapshot Client methods - 'xrefs'
Error processing document: NetBackup™ for DB2 Administrator's Guide, Enabling the debug logs manually (Windows) (NetBackup for DB2) - 'xrefs'
Error processing document: NetBackup™ for DB2 Administrator's Guide, About the NetBackup for DB2 log files - 'xrefs'
Error processing document: NetBackup™ for DB2 Administrator's Guide, About the bphdb directory on the Windows database client - 'xrefs'
Error processing document: NetBackup™ for DB2 Administrator's Guide, Enabling the debug logs manually (UNIX) (NetBackup for DB2) - 'xrefs'
Error processing document: NetBackup™ for DB2 Administrator's Guide, None - 'xrefs'
Error processing document: NetBackup™ for DB2 Administrator's Guide, 
				 - 'xrefs'
Error processing document: NetBackup™ for DB2 Administrator's Guide, About the Storage Checkpoint facility and NetBackup for DB2 - 'xrefs'
Error processing document: NetBackup™ for DB2 Administrator's Guide, 
					 - 'xrefs'
Error processing document: NetBackup™ for DB2 Administrator's Guide, Minimizing timeout failures on large database restores - 'xrefs'
Error processing document: NetBackup™ for DB2 Administrator's Guide, About the NetBackup for DB2 log files - 'xrefs'
Error processing document: NetBackup™ for DB2 Administrator's Guide, 
					 - 'xrefs'
Error processing document: NetBackup™ for DB2 Administrator's Guide, Use the NET_BUFFER_SZ file to speed up a slow restore - 'xrefs'
Error processing document: NetBackup™ for DB2 Administrator's Guide, About false restore failures reported in the Activity monitor - 'xrefs'
Error processing document: NetBackup™ for DB2 Administrator's Guide, About the error message codes - 'xrefs'
Error processing document: NetBackup™ for DB2 Administrator's Guide, About the error message codes - 'xrefs'
Error processing document: NetBackup™ for DB2 Administrator's Guide, Minimizing the loading and unloading of tapes for database backups - 'xrefs'
Error processing document: NetBackup™ for DB2 Administrator's Guide, Backing up the archive logs that are in a DB2 EEE environment - 'xrefs'
Error processing document: NetBackup™ for DB2 Administrator's Guide, Adding NetBackup policies for DB2 EEE environment - 'xrefs'
Error processing document: NetBackup™ for DB2 Administrator's Guide, Creating DB2 scripts for a DB2 EEE environment - 'xrefs'
Error processing document: NetBackup™ for DB2 Administrator's Guide, About the error message codes - 'xrefs'
Error processing document: NetBackup™ for DB2 Administrator's Guide, Configuring NetBackup for DB2 in an EEE environment - 'xrefs'
Error processing document: NetBackup™ for DB2 Administrator's Guide, Backup and restore of DB2 databases used by SAP - 'xrefs'
Error processing document: NetBackup™ for DB2 Administrator's Guide, About the error message codes - 'xrefs'
Error processing document: NetBackup™ for DB2 Administrator's Guide, Adding NetBackup policies for DB2 EEE environment - 'xrefs'
Error processing document: NetBackup™ for DB2 Administrator's Guide, About NetBackup for DB2 with SAP - 'xrefs'
Error processing document: NetBackup™ for DB2 Administrator's Guide, Installation of the DB2 user exit program - 'xrefs'
Error processing document: NetBackup™ for DB2 Administrator's Guide, Overview of installation and configuration for a DB2 EEE (DPF) environment - 'xrefs'
Error processing document: NetBackup™ for DB2 Administrator's Guide, About configuring NetBackup for DB2 block-level incremental backups on UNIX - 'xrefs'
Error processing document: NetBackup™ for DB2 Administrator's Guide, Backup of SAP files - 'xrefs'
Error processing document: NetBackup™ for DB2 Administrator's Guide, Registering authorized locations used by a NetBackup database script-based policy - 'xrefs'
Error processing document: NetBackup™ for DB2 Administrator's Guide, Archive and restore of DB2 log files used by SAP - 'xrefs'
Error processing document: NetBackup™ for DB2 Administrator's Guide, Performing NetBackup for DB2 restores with Snapshot Client methods - 'xrefs'
Error processing document: NetBackup™ for DB2 Administrator's Guide, Performing a snapshot rollback restore from the command line - 'xrefs'
Error processing document: NetBackup™ for DB2 Administrator's Guide, About the error message codes - 'xrefs'
Error processing document: NetBackup™ for DB2 Administrator's Guide, Features of NetBackup for DB2 - 'xrefs'
Error processing document: NetBackup™ for DB2 Administrator's Guide, About the NetBackup for DB2 components - 'xrefs'
Error processing document: NetBackup™ for DB2 Administrator's Guide, NetBackup for DB2 overview - 'xrefs'
Error processing document: NetBackup™ for DB2 Administrator's Guide, Features of NetBackup for DB2 - 'xrefs'
Error processing document: NetBackup™ for DB2 Administrator's Guide, NetBackup for DB2 overview - 'xrefs'
Error processing document: NetBackup™ for DB2 Administrator's Guide, About the NetBackup for DB2 components - 'xrefs'
Error processing document: NetBackup™ for DB2 Administrator's Guide, NetBackup for DB2 overview - 'xrefs'
Error processing document: NetBackup™ for DB2 Administrator's Guide, Planning the installation of NetBackup for DB2  - 'xrefs'
Error processing document: NetBackup™ for DB2 Administrator's Guide, License for NetBackup for DB2 - 'xrefs'
Error processing document: NetBackup™ for DB2 Administrator's Guide, Verifying the operating system and platform compatibility - 'xrefs'
Error processing document: NetBackup™ for DB2 Administrator's Guide, NetBackup server and client requirements - 'xrefs'
Error processing document: NetBackup™ for DB2 Administrator's Guide, 
					 - 'xrefs'
Error processing document: NetBackup™ for DB2 Administrator's Guide, About NetBackup for DB2 terminology - 'xrefs'
Error processing document: NetBackup™ for DB2 Administrator's Guide, NetBackup server and client requirements - 'xrefs'
Error processing document: NetBackup™ for DB2 Administrator's Guide, About log archiving - 'xrefs'
Error processing document: NetBackup™ for DB2 Administrator's Guide, 
				 - 'xrefs'
Error processing document: NetBackup™ for DB2 Administrator's Guide, Overview of NetBackup for DB2 configuration - 'xrefs'
Error processing document: NetBackup™ for DB2 Administrator's Guide, About adding new DB2 instances - 'xrefs'
Error processing document: NetBackup™ for DB2 Administrator's Guide, 
					 - 'xrefs'
Error processing document: NetBackup™ for DB2 Administrator's Guide, About policy attributes - 'xrefs'
Error processing document: NetBackup™ for DB2 Administrator's Guide, About configuring a backup policy for DB2  - 'xrefs'
Error processing document: NetBackup™ for DB2 Administrator's Guide, 
				 - 'xrefs'
Error processing document: NetBackup™ for DB2 Administrator's Guide, Verifying the operating system and platform compatibility - 'xrefs'
Error processing document: NetBackup™ for DB2 Administrator's Guide, About configuring a backup policy for DB2  - 'xrefs'
Error processing document: NetBackup™ for DB2 Administrator's Guide, Specifying the primary server for a NetBackup for DB2 client - 'xrefs'
Error processing document: NetBackup™ for DB2 Administrator's Guide, Add clients to a policy - 'xrefs'
Error processing document: NetBackup™ for DB2 Administrator's Guide, Using the VENDOR archive method - 'xrefs'
Error processing document: NetBackup™ for DB2 Administrator's Guide, Configuring the Maximum jobs per client - 'xrefs'
Error processing document: NetBackup™ for DB2 Administrator's Guide, Configure automatic backup schedules - 'xrefs'
Error processing document: NetBackup™ for DB2 Administrator's Guide, Configure an application backup schedule - 'xrefs'
Error processing document: NetBackup™ for DB2 Administrator's Guide, Configuring a policy to back up the configuration files - 'xrefs'
Error processing document: NetBackup™ for DB2 Administrator's Guide, Example application backup schedule - 'xrefs'
Error processing document: NetBackup™ for DB2 Administrator's Guide, About backup schedules and scripts - 'xrefs'
Error processing document: NetBackup™ for DB2 Administrator's Guide, About configuring a backup policy for DB2  - 'xrefs'
Error processing document: NetBackup™ for DB2 Administrator's Guide, Adding a NetBackup for DB2 policy - 'xrefs'
Error processing document: NetBackup™ for DB2 Administrator's Guide, Example automatic backup schedule - 'xrefs'
Error processing document: NetBackup™ for DB2 Administrator's Guide, About log archiving - 'xrefs'
Error processing document: NetBackup™ for DB2 Administrator's Guide, Perform a manual backup - 'xrefs'
Error processing document: NetBackup™ for DB2 Administrator's Guide, 
				 - 'xrefs'
Error processing document: NetBackup™ for DB2 Administrator's Guide, Using the user exit archive method - 'xrefs'
Error processing document: NetBackup™ for DB2 Administrator's Guide, 
				 - 'xrefs'
Error processing document: NetBackup™ for DB2 Administrator's Guide, Reviewing the auto-discovered mappings - 'xrefs'
Error processing document: NetBackup™ for DB2 Administrator's Guide, About backing up archive log files with the user exit program - 'xrefs'
Error processing document: NetBackup™ for DB2 Administrator's Guide, About backing up archive log files with the user exit program - 'xrefs'
Error processing document: NetBackup™ for DB2 Administrator's Guide, NetBackup for DB2 backup types - 'xrefs'
Error processing document: NetBackup™ for DB2 Administrator's Guide, About backing up archive log files with the user exit program - 'xrefs'
Error processing document: NetBackup™ for DB2 Administrator's Guide, DB2 objects in the backup window - 'xrefs'
Error processing document: NetBackup™ for DB2 Administrator's Guide, Configuring a policy to archive the archive logs - 'xrefs'
Error processing document: NetBackup™ for DB2 Administrator's Guide, About backing up archive log files with the user exit program - 'xrefs'
Error processing document: NetBackup™ for DB2 Administrator's Guide, Configuring the run-time environment - 'xrefs'
Error processing document: NetBackup™ for DB2 Administrator's Guide, Configuring the run-time environment - 'xrefs'
Error processing document: NetBackup™ for DB2 Administrator's Guide, Configuring the run-time environment - 'xrefs'
Error processing document: NetBackup™ for DB2 Administrator's Guide, Configuring the run-time environment - 'xrefs'
Error processing document: NetBackup™ for DB2 Administrator's Guide, Configuring the run-time environment - 'xrefs'
Error processing document: NetBackup™ for DB2 Administrator's Guide, Configuring a policy to back up the archive logs - 'xrefs'
Error processing document: NetBackup™ for DB2 Administrator's Guide, Configuring the run-time environment - 'xrefs'
Error processing document: NetBackup™ for DB2 Administrator's Guide, Creating a db2.conf file for use with the user exit program - 'xrefs'
Error processing document: NetBackup™ for DB2 Administrator's Guide, Configuring the run-time environment - 'xrefs'
Error processing document: NetBackup™ for DB2 Administrator's Guide, Configuring the run-time environment - 'xrefs'
Error processing document: NetBackup™ for DB2 Administrator's Guide, Creating a db2.conf file for use with the user exit program - 'xrefs'
Error processing document: NetBackup™ for DB2 Administrator's Guide, Example db2.conf file using ARCFUNC SAVE - 'xrefs'
Error processing document: NetBackup™ for DB2 Administrator's Guide, Configuring the run-time environment - 'xrefs'
Error processing document: NetBackup™ for DB2 Administrator's Guide, Reviewing the auto-discovered mappings - 'xrefs'
Error processing document: NetBackup™ for DB2 Administrator's Guide, Configuring a primary bp.conf file - 'xrefs'
Error processing document: NetBackup™ for DB2 Administrator's Guide, Example db2.conf file (vendor method) - 'xrefs'
Error processing document: NetBackup™ for DB2 Administrator's Guide, Example db2.conf file using ARCFUNC COPY - 'xrefs'
Error processing document: NetBackup™ for DB2 Administrator's Guide, Keywords for the db2.conf file - 'xrefs'
Error processing document: NetBackup™ for DB2 Administrator's Guide, Configuring bp.conf files in a cluster environment - 'xrefs'
Error processing document: NetBackup™ for DB2 Administrator's Guide, Keywords for the db2.conf file - 'xrefs'
Error processing document: NetBackup™ for DB2 Administrator's Guide, Keywords for the db2.conf file - 'xrefs'
Error processing document: NetBackup™ for DB2 Administrator's Guide, Keywords for the db2.conf file - 'xrefs'
Error processing document: NetBackup™ for DB2 Administrator's Guide, Creating a db2.conf file (vendor method) - 'xrefs'
Error processing document: NetBackup™ for DB2 Administrator's Guide, NetBackup for DB2 environment variables - 'xrefs'
Error processing document: NetBackup™ for DB2 Administrator's Guide, Adding a script to the backup selections list - 'xrefs'
Error processing document: NetBackup™ for DB2 Administrator's Guide, Configuring the logon account for the NetBackup Client Service for NetBackup for DB2  - 'xrefs'
Error processing document: NetBackup™ for DB2 Administrator's Guide, Configuring the run-time environment - 'xrefs'
Error processing document: NetBackup™ for DB2 Administrator's Guide, NetBackup for DB2 environment variables - 'xrefs'
Error processing document: NetBackup™ for DB2 Administrator's Guide, Script parameters - 'xrefs'
Error processing document: NetBackup™ for DB2 Administrator's Guide, Configuring a user bp.conf file - 'xrefs'
Error processing document: NetBackup™ for DB2 Administrator's Guide, Creating a db2.conf file for use with the user exit program - 'xrefs'
Error processing document: NetBackup™ for DB2 Administrator's Guide, About NetBackup shell script storage - 'xrefs'
Error processing document: NetBackup™ for DB2 Administrator's Guide, About NetBackup for DB2 shell scripts - 'xrefs'
Error processing document: NetBackup™ for DB2 Administrator's Guide, About NetBackup for DB2 shell scripts - 'xrefs'
Error processing document: NetBackup™ for DB2 Administrator's Guide, Creating DB2 scripts manually - 'xrefs'
Error processing document: NetBackup™ for DB2 Administrator's Guide, Modifying DB2 backup and install scripts - 'xrefs'
Error processing document: NetBackup™ for DB2 Administrator's Guide, Creating DB2 scripts manually - 'xrefs'
Error processing document: NetBackup™ for DB2 Administrator's Guide, Using DB2 to run a user-directed backup - 'xrefs'
Error processing document: NetBackup™ for DB2 Administrator's Guide, NetBackup for DB2 backup overview - 'xrefs'
Error processing document: NetBackup™ for DB2 Administrator's Guide, NetBackup for DB2 backup overview - 'xrefs'
Error processing document: NetBackup™ for DB2 Administrator's Guide, BACKUP DATABASE command options - 'xrefs'
Error processing document: NetBackup™ for DB2 Administrator's Guide, About backups from the NetBackup primary server - 'xrefs'
Error processing document: NetBackup™ for DB2 Administrator's Guide, 
				 - 'xrefs'
Error processing document: NetBackup™ for DB2 Administrator's Guide, RBAC role for the DB2 administrator - 'xrefs'
Error processing document: NetBackup™ for DB2 Administrator's Guide, About user-directed backups - 'xrefs'
Error processing document: NetBackup™ for DB2 Administrator's Guide, About user-directed backups - 'xrefs'
Error processing document: NetBackup™ for DB2 Administrator's Guide, About browsing DB2 backup images with bplist - 'xrefs'
Error processing document: NetBackup™ for DB2 Administrator's Guide, About browsing DB2 backup images with bplist - 'xrefs'
Error processing document: NetBackup™ for DB2 Administrator's Guide, Performing a database restore - 'xrefs'
Error processing document: NetBackup™ for DB2 Administrator's Guide, Performing a database restore - 'xrefs'
Error processing document: NetBackup™ for DB2 Administrator's Guide, Performing a database restore - 'xrefs'
Error processing document: NetBackup™ for DB2 Administrator's Guide, Performing a database restore - 'xrefs'
Error processing document: NetBackup™ for DB2 Administrator's Guide, Performing a database restore - 'xrefs'
Error processing document: NetBackup™ for DB2 Administrator's Guide, Performing a database restore - 'xrefs'
Error processing document: NetBackup™ for DB2 Administrator's Guide, Performing a database restore - 'xrefs'
Error processing document: NetBackup™ for DB2 Administrator's Guide, Using DB2 to perform a restore - 'xrefs'
Error processing document: NetBackup™ for DB2 Administrator's Guide, Using DB2 to perform a restore - 'xrefs'
Error processing document: NetBackup™ for DB2 Administrator's Guide, BACKUP DATABASE command options - 'xrefs'
Error processing document: NetBackup™ for DB2 Administrator's Guide, Using DB2 to perform a restore - 'xrefs'
Error processing document: NetBackup™ for DB2 Administrator's Guide, Using DB2 to perform a restore - 'xrefs'
Error processing document: NetBackup™ for DB2 Administrator's Guide, Restoring and recovering a DB2 database - with a catalog name that has been specified - 'xrefs'
Error processing document: NetBackup™ for DB2 Administrator's Guide, Restoring and recovering a DB2 database - with a catalog name that has been specified - 'xrefs'
Error processing document: NetBackup™ for DB2 Administrator's Guide, Using DB2 to perform a restore - 'xrefs'
Error processing document: NetBackup™ for DB2 Administrator's Guide, Using DB2 to perform a restore - 'xrefs'
Error processing document: NetBackup™ for DB2 Administrator's Guide, Using DB2 to perform a restore - 'xrefs'
Error processing document: NetBackup™ for DB2 Administrator's Guide, Recovering a DB2 database - Restoring archive logs - 'xrefs'
Error processing document: NetBackup™ for DB2 Administrator's Guide, RESTORE DATABASE command options - 'xrefs'
Error processing document: NetBackup™ for DB2 Administrator's Guide, Restoring and recovering a DB2 database - with a catalog name that has been specified - 'xrefs'
Error processing document: NetBackup™ for DB2 Administrator's Guide, Using DB2 to perform a restore - 'xrefs'
Error processing document: NetBackup™ for DB2 Administrator's Guide, Recovering a DB2 database - Restoring archive logs - 'xrefs'
Error processing document: NetBackup™ for DB2 Administrator's Guide, Restoring and recovering a DB2 database - with a catalog name that has been specified - 'xrefs'
Error processing document: NetBackup™ for DB2 Administrator's Guide, About an alternate restore - 'xrefs'
Error processing document: NetBackup™ for DB2 Administrator's Guide, Performing a database restore - 'xrefs'
Error processing document: NetBackup™ for DB2 Administrator's Guide, Preparing the primary server for an alternate restore - 'xrefs'
Error processing document: NetBackup™ for DB2 Administrator's Guide, Restoring the transaction logs - 'xrefs'
Error processing document: NetBackup™ for DB2 Administrator's Guide, About an alternate restore - 'xrefs'
Error processing document: NetBackup™ for DB2 Administrator's Guide, RESTORE DATABASE command options - 'xrefs'
Error processing document: NetBackup™ for DB2 Administrator's Guide, About preventing the direct expiration of backup images - 'xrefs'
Error processing document: NetBackup™ for DB2 Administrator's Guide, About an alternate restore - 'xrefs'
Error processing document: NetBackup™ for DB2 Administrator's Guide, About NetBackup for DB2 with Snapshot Client operations - 'xrefs'
Error processing document: NetBackup™ for DB2 Administrator's Guide, NetBackup for DB2 with Snapshot Client features - 'xrefs'
Error processing document: NetBackup™ for DB2 Administrator's Guide, About the sequence of a NetBackup for DB2 backup operation with Snapshot Client methods  - 'xrefs'
Error processing document: NetBackup™ for DB2 Administrator's Guide, About an alternate restore - 'xrefs'
Error processing document: NetBackup™ for DB2 Administrator's Guide, About the sequence of a NetBackup for DB2 restore operation with Snapshot Client methods - 'xrefs'
Error processing document: NetBackup™ for DB2 Administrator's Guide, NetBackup for DB2 with Snapshot Client features - 'xrefs'
Error processing document: NetBackup™ for DB2 Administrator's Guide, About NetBackup for DB2 with Snapshot Client operations - 'xrefs'
Error processing document: NetBackup™ for DB2 Administrator's Guide, NetBackup for DB2 file-based operations - 'xrefs'
Error processing document: NetBackup™ for DB2 Administrator's Guide, About NetBackup for DB2 with Snapshot Client operations - 'xrefs'
Error processing document: NetBackup™ for DB2 Administrator's Guide, Recovering a DB2 database - Simplest case - 'xrefs'
Error processing document: NetBackup™ for DB2 Administrator's Guide, About multistreaming and DB2 snapshot backups - 'xrefs'
Error processing document: NetBackup™ for DB2 Administrator's Guide, NetBackup for DB2 stream-based operations - 'xrefs'
Error processing document: NetBackup™ for DB2 Administrator's Guide, Performing the alternate restore on the clients - 'xrefs'
Error processing document: NetBackup™ for DB2 Administrator's Guide, About symbolic links and DB2 backups and restores (UNIX) - 'xrefs'
Error processing document: NetBackup™ for DB2 Administrator's Guide, About configuring Snapshot Client with NetBackup for DB2 - 'xrefs'
Error processing document: NetBackup™ for DB2 Administrator's Guide, Example: multiple sessions for a DB2 snapshot backup - 'xrefs'
Error processing document: NetBackup™ for DB2 Administrator's Guide, About restoring individual files from a NetBackup for DB2 snapshot backup - 'xrefs'
Error processing document: NetBackup™ for DB2 Administrator's Guide, Performing a snapshot rollback restore from the command line - 'xrefs'
Error processing document: NetBackup™ for DB2 Administrator's Guide, Performing a snapshot rollback restore from the command line - 'xrefs'
Error processing document: NetBackup™ for DB2 Administrator's Guide, Configuring a snapshot policy for NetBackup for DB2 - 'xrefs'
Error processing document: NetBackup™ for DB2 Administrator's Guide, Restoring NetBackup for DB2 from a snapshot backup - 'xrefs'
Error processing document: NetBackup™ for DB2 Administrator's Guide, Configuring a snapshot policy for NetBackup for DB2 - 'xrefs'
Error processing document: NetBackup™ for DB2 Administrator's Guide, Configuration requirements for snapshot backups with NetBackup for DB2 - 'xrefs'
Error processing document: NetBackup™ for DB2 Administrator's Guide, About configuring the db2.conf for a snapshot policy - 'xrefs'
Error processing document: NetBackup™ for DB2 Administrator's Guide, Restoring NetBackup for DB2 from a snapshot backup - 'xrefs'
Error processing document: NetBackup™ for DB2 Administrator's Guide, About database objects supported by advanced backup methods - 'xrefs'
Error processing document: NetBackup™ for DB2 Administrator's Guide, About NetBackup for DB2 restores of volumes and file systems using snapshot rollback - 'xrefs'
Error processing document: NetBackup™ for DB2 Administrator's Guide, Restoring NetBackup for DB2 from a snapshot backup - 'xrefs'
Error processing document: NetBackup™ for DB2 Administrator's Guide, Troubleshooting NetBackup for DB2 rollback restores - 'xrefs'
Error processing document: NetBackup™ for DB2 Administrator's Guide, About configuring NetBackup for DB2 block-level incremental backups on UNIX - 'xrefs'
Error processing document: NetBackup™ for DB2 Administrator's Guide, About configuring NetBackup for DB2 block-level incremental backups on UNIX - 'xrefs'
Error processing document: NetBackup™ for DB2 Administrator's Guide, About configuring NetBackup for DB2 block-level incremental backups on UNIX - 'xrefs'
Error processing document: NetBackup™ for DB2 Administrator's Guide, About configuring NetBackup for DB2 block-level incremental backups on UNIX - 'xrefs'
Error processing document: NetBackup™ for DB2 Administrator's Guide, Storage Checkpoint configuration on the NetBackup for DB2 client - 'xrefs'
Error processing document: NetBackup™ for DB2 Administrator's Guide, Configuration requirements for BLI backups with NetBackup for DB2 - 'xrefs'
Error processing document: NetBackup™ for DB2 Administrator's Guide, About configuring NetBackup for DB2 block-level incremental backups on UNIX - 'xrefs'
Error processing document: NetBackup™ for DB2 Administrator's Guide, About the Storage Checkpoint facility and NetBackup for DB2 - 'xrefs'
Error processing document: NetBackup™ for DB2 Administrator's Guide, About the types of NetBackup for DB2 BLI backups - 'xrefs'
Error processing document: NetBackup™ for DB2 Administrator's Guide,  BLI incremental backup options using NetBackup for DB2 - 'xrefs'
Error processing document: NetBackup™ for DB2 Administrator's Guide, Performing a NetBackup for DB2 point-in-time rollback restore from a SnapVault backup (UNIX) - 'xrefs'
Error processing document: NetBackup™ for DB2 Administrator's Guide,  BLI incremental backup options using NetBackup for DB2 - 'xrefs'
Error processing document: NetBackup™ for DB2 Administrator's Guide, Configuring policies for BLI backups with NetBackup for DB2 - 'xrefs'
Error processing document: NetBackup™ for DB2 Administrator's Guide, How Snapshot Client software affects scripts - 'xrefs'
Error processing document: NetBackup™ for DB2 Administrator's Guide, About Snapshot Client effects - 'xrefs'
Error processing document: NetBackup™ for DB2 Administrator's Guide, How BLI works with NetBackup for DB2 (UNIX) - 'xrefs'
Error processing document: NetBackup™ for DB2 Administrator's Guide, Performing NetBackup for DB2 restores with Snapshot Client methods - 'xrefs'
Error processing document: NetBackup™ for DB2 Administrator's Guide, Performing NetBackup for DB2 backups with Snapshot Client methods - 'xrefs'
Error processing document: NetBackup™ for DB2 Administrator's Guide, About configuring NetBackup for DB2 block-level incremental backups on UNIX - 'xrefs'
Error processing document: NetBackup™ for DB2 Administrator's Guide, Configuring policies for BLI backups with NetBackup for DB2 - 'xrefs'
Error processing document: NetBackup™ for DB2 Administrator's Guide, How Snapshot Client software affects backup types - 'xrefs'
Error processing document: NetBackup™ for DB2 Administrator's Guide, About configuring NetBackup for DB2 block-level incremental backups on UNIX - 'xrefs'
Error processing document: NetBackup™ for DB2 Administrator's Guide, Enabling the debug logs manually (UNIX) (NetBackup for DB2) - 'xrefs'
Error processing document: NetBackup™ for DB2 Administrator's Guide, 
				 - 'xrefs'
Error processing document: NetBackup™ for DB2 Administrator's Guide, About the NetBackup for DB2 log files - 'xrefs'
Error processing document: NetBackup™ for DB2 Administrator's Guide, 
					 - 'xrefs'
Error processing document: NetBackup™ for DB2 Administrator's Guide, 
				 - 'xrefs'
Error processing document: NetBackup™ for DB2 Administrator's Guide, Minimizing timeout failures on large database restores - 'xrefs'
Error processing document: NetBackup™ for DB2 Administrator's Guide, About false restore failures reported in the Activity monitor - 'xrefs'
Error processing document: NetBackup™ for DB2 Administrator's Guide, Enabling the debug logs manually (Windows) (NetBackup for DB2) - 'xrefs'
Error processing document: NetBackup™ for DB2 Administrator's Guide, About the error message codes - 'xrefs'
Error processing document: NetBackup™ for DB2 Administrator's Guide, Use the NET_BUFFER_SZ file to speed up a slow restore - 'xrefs'
Error processing document: NetBackup™ for DB2 Administrator's Guide, 
					 - 'xrefs'
Error processing document: NetBackup™ for DB2 Administrator's Guide, About the error message codes - 'xrefs'
Error processing document: NetBackup™ for DB2 Administrator's Guide, About the error message codes - 'xrefs'
Error processing document: NetBackup™ for DB2 Administrator's Guide, About the error message codes - 'xrefs'
Error processing document: NetBackup™ for DB2 Administrator's Guide, Minimizing the loading and unloading of tapes for database backups - 'xrefs'
Error processing document: NetBackup™ for DB2 Administrator's Guide, About the error message codes - 'xrefs'
Error processing document: NetBackup™ for DB2 Administrator's Guide, Configuring NetBackup for DB2 in an EEE environment - 'xrefs'
Error processing document: NetBackup™ for DB2 Administrator's Guide, Overview of installation and configuration for a DB2 EEE (DPF) environment - 'xrefs'
Error processing document: NetBackup™ for DB2 Administrator's Guide, How Snapshot Client software affects schedule properties - 'xrefs'
Error processing document: NetBackup™ for DB2 Administrator's Guide, Adding NetBackup policies for DB2 EEE environment - 'xrefs'
Error processing document: NetBackup™ for DB2 Administrator's Guide, Backing up the archive logs that are in a DB2 EEE environment - 'xrefs'
Error processing document: NetBackup™ for DB2 Administrator's Guide, About NetBackup for DB2 with SAP - 'xrefs'
Error processing document: NetBackup™ for DB2 Administrator's Guide, Backup of SAP files - 'xrefs'
Error processing document: NetBackup™ for DB2 Administrator's Guide, Adding NetBackup policies for DB2 EEE environment - 'xrefs'
Error processing document: NetBackup™ for DB2 Administrator's Guide, Installation of the DB2 user exit program - 'xrefs'
Error processing document: NetBackup™ for DB2 Administrator's Guide, NetBackup debug logs and reports - 'xrefs'
Error processing document: NetBackup™ for DB2 Administrator's Guide, About the NetBackup for DB2 log files - 'xrefs'
Error processing document: NetBackup™ for DB2 Administrator's Guide, Backup and restore of DB2 databases used by SAP - 'xrefs'
Error processing document: NetBackup™ for DB2 Administrator's Guide, Archive and restore of DB2 log files used by SAP - 'xrefs'
Error processing document: NetBackup™ for DB2 Administrator's Guide, Registering authorized locations used by a NetBackup database script-based policy - 'xrefs'
Error processing document: NetBackup™ for DB2 Administrator's Guide, None - 'xrefs'
Error processing document: NetBackup™ for DB2 Administrator's Guide, About the bphdb directory on the Windows database client - 'xrefs'
Error processing document: NetBackup™ for DB2 Administrator's Guide, Creating DB2 scripts for a DB2 EEE environment - 'xrefs'
